<?xml version="1.0" encoding="UTF-8"?>
<!-- Generated by org.testng.reporters.JUnitReportReporter -->
<testsuite hostname="LGDN14552-W7D01" name="category.JoomlaCategory_001" tests="4" failures="0" timestamp="20 Dec 2016 04:09:43 GMT" time="59.201" errors="0">
  <testcase name="RUN_04_TC_JOOMLA_CATEGORY_006" time="29.345" classname="category.JoomlaCategory_001"/>
  <testcase name="RUN_01_TC_JOOMLA_CATEGORY_007" time="5.035" classname="category.JoomlaCategory_001"/>
  <testcase name="RUN_02_TC_JOOMLA_CATEGORY_001" time="14.382" classname="category.JoomlaCategory_001"/>
  <testcase name="RUN_03_TC_JOOMLA_CATEGORY_005" time="10.439" classname="category.JoomlaCategory_001"/>
</testsuite> <!-- category.JoomlaCategory_001 -->
