<?xml version="1.0" encoding="UTF-8"?>
<!-- Generated by org.testng.reporters.JUnitReportReporter -->
<testsuite skipped="0" hostname="LGDN14623-W7D01" name="DoExam.goToDoTest" tests="7" failures="0" timestamp="2019-12-31T16:08:34 ICT" time="347.322" errors="0">
  <testcase name="doAnExam" time="58.772" classname="DoExam.goToDoTest"/>
  <testcase name="doAnExam" time="63.324" classname="DoExam.goToDoTest"/>
  <testcase name="doAnExam" time="44.561" classname="DoExam.goToDoTest"/>
  <testcase name="doAnExam" time="48.301" classname="DoExam.goToDoTest"/>
  <testcase name="doAnExam" time="41.700" classname="DoExam.goToDoTest"/>
  <testcase name="doAnExam" time="53.982" classname="DoExam.goToDoTest"/>
  <testcase name="doAnExam" time="36.682" classname="DoExam.goToDoTest"/>
</testsuite> <!-- DoExam.goToDoTest -->
