<?xml version="1.0" encoding="UTF-8"?>
<!-- Generated by org.testng.reporters.JUnitReportReporter -->
<testsuite hostname="LGDN14552-W7D01" name="category.JoomlaCategory_002" tests="4" failures="0" timestamp="20 Dec 2016 04:09:43 GMT" time="64.429" errors="0">
  <testcase name="RUN_04_TC_JOOMLA_CATEGORY_009" time="37.751" classname="category.JoomlaCategory_002"/>
  <testcase name="RUN_01_TC_JOOMLA_CATEGORY_003" time="21.224" classname="category.JoomlaCategory_002"/>
  <testcase name="RUN_02_TC_JOOMLA_CATEGORY_004" time="3.453" classname="category.JoomlaCategory_002"/>
  <testcase name="RUN_03_TC_JOOMLA_CATEGORY_008" time="2.001" classname="category.JoomlaCategory_002"/>
</testsuite> <!-- category.JoomlaCategory_002 -->
