<?xml version="1.0" encoding="UTF-8"?>
<!-- Generated by org.testng.reporters.JUnitReportReporter -->
<testsuite hostname="LGDN14552-W7D01" name="contact.JoomlaContact_004" tests="2" failures="0" timestamp="20 Dec 2016 04:09:43 GMT" time="41.952" errors="0">
  <testcase name="RUN_02_TC_JOOMLA_CONTACTS_016" time="27.075" classname="contact.JoomlaContact_004"/>
  <testcase name="RUN_03_TC_JOOMLA_CONTACTS_015" time="14.877" classname="contact.JoomlaContact_004"/>
</testsuite> <!-- contact.JoomlaContact_004 -->
