<?xml version="1.0" encoding="UTF-8"?>
<!-- Generated by org.testng.reporters.JUnitReportReporter -->
<testsuite hostname="LGDN14552-W7D01" name="bannerclient.JoomlaBannerClient_002" tests="4" failures="0" timestamp="20 Dec 2016 04:09:43 GMT" time="60.344" errors="0">
  <testcase name="RUN_02_TC_JOOMLA_BANNERS_CLIENTS_004" time="5.195" classname="bannerclient.JoomlaBannerClient_002"/>
  <testcase name="RUN_03_TC_JOOMLA_BANNERS_CLIENTS_005" time="25.240" classname="bannerclient.JoomlaBannerClient_002"/>
  <testcase name="RUN_04_TC_JOOMLA_BANNERS_CLIENTS_016" time="4.145" classname="bannerclient.JoomlaBannerClient_002"/>
  <testcase name="RUN_01_TC_JOOMLA_BANNERS_CLIENTS_003" time="25.764" classname="bannerclient.JoomlaBannerClient_002"/>
</testsuite> <!-- bannerclient.JoomlaBannerClient_002 -->
