<?xml version="1.0" encoding="UTF-8"?>
<!-- Generated by org.testng.reporters.JUnitReportReporter -->
<testsuite hostname="LGDN14552-W7D01" name="zDraft.clickMenuItems" tests="1" failures="0" timestamp="2 Nov 2016 12:04:35 GMT" time="8.407" errors="0">
  <testcase name="loginPage" time="8.407" classname="zDraft.clickMenuItems"/>
</testsuite> <!-- zDraft.clickMenuItems -->
