<?xml version="1.0" encoding="UTF-8"?>
<!-- Generated by org.testng.reporters.JUnitReportReporter -->
<testsuite hostname="LGDN14552-W7D01" name="article.TC_JOOMLA_ARTICLE_001_002" tests="2" failures="0" timestamp="10 Nov 2016 02:51:04 GMT" time="16.755" errors="0">
  <testcase name="TC_JOOMLA_ARTICLE_001" time="10.369" classname="article.TC_JOOMLA_ARTICLE_001_002"/>
  <testcase name="TC_JOOMLA_ARTICLE_002" time="6.386" classname="article.TC_JOOMLA_ARTICLE_001_002"/>
</testsuite> <!-- article.TC_JOOMLA_ARTICLE_001_002 -->
