<?xml version="1.0" encoding="UTF-8"?>
<!-- Generated by org.testng.reporters.JUnitReportReporter -->
<testsuite hostname="LGDN14552-W7D01" name="category.JoomlaCategory_004" tests="4" failures="0" timestamp="20 Dec 2016 04:09:43 GMT" time="103.969" errors="0">
  <testcase name="RUN_01_TC_JOOMLA_CATEGORY_012" time="19.405" classname="category.JoomlaCategory_004"/>
  <testcase name="RUN_04_TC_JOOMLA_CATEGORY_017" time="55.209" classname="category.JoomlaCategory_004"/>
  <testcase name="RUN_03_TC_JOOMLA_CATEGORY_013" time="15.443" classname="category.JoomlaCategory_004"/>
  <testcase name="RUN_02_TC_JOOMLA_CATEGORY_002" time="13.912" classname="category.JoomlaCategory_004"/>
</testsuite> <!-- category.JoomlaCategory_004 -->
