<?xml version="1.0" encoding="UTF-8"?>
<!-- Generated by org.testng.reporters.JUnitReportReporter -->
<testsuite hostname="LGDN14552-W7D01" name="contact.JoomlaContact_003" tests="3" failures="0" timestamp="20 Dec 2016 04:09:43 GMT" time="45.542" errors="0">
  <testcase name="RUN_03_TC_JOOMLA_CONTACTS_011" time="11.299" classname="contact.JoomlaContact_003"/>
  <testcase name="RUN_01_TC_JOOMLA_CONTACTS_004" time="19.076" classname="contact.JoomlaContact_003"/>
  <testcase name="RUN_02_TC_JOOMLA_CONTACTS_003" time="15.167" classname="contact.JoomlaContact_003"/>
</testsuite> <!-- contact.JoomlaContact_003 -->
