<?xml version="1.0" encoding="UTF-8"?>
<!-- Generated by org.testng.reporters.JUnitReportReporter -->
<testsuite hostname="LGDN14552-W7D01" name="article.JoomlaArticle_003" tests="4" failures="0" timestamp="20 Dec 2016 04:09:43 GMT" time="51.527" errors="0">
  <testcase name="RUN_04_TC_JOOMLA_ARTICLE_012" time="17.455" classname="article.JoomlaArticle_003"/>
  <testcase name="RUN_03_TC_JOOMLA_ARTICLE_011" time="2.574" classname="article.JoomlaArticle_003"/>
  <testcase name="RUN_01_TC_JOOMLA_ARTICLE_008" time="9.171" classname="article.JoomlaArticle_003"/>
  <testcase name="RUN_02_TC_JOOMLA_ARTICLE_017" time="22.327" classname="article.JoomlaArticle_003"/>
</testsuite> <!-- article.JoomlaArticle_003 -->
