<?xml version="1.0" encoding="UTF-8"?>
<!-- Generated by org.testng.reporters.JUnitReportReporter -->
<testsuite hostname="LGDN14552-W7D01" name="article.JoomlaArticle_001" tests="4" failures="0" timestamp="20 Dec 2016 04:09:43 GMT" time="74.171" errors="0">
  <testcase name="RUN_03_TC_JOOMLA_ARTICLE_010" time="11.203" classname="article.JoomlaArticle_001"/>
  <testcase name="RUN_01_TC_JOOMLA_ARTICLE_001" time="23.925" classname="article.JoomlaArticle_001"/>
  <testcase name="RUN_02_TC_JOOMLA_ARTICLE_002" time="15.700" classname="article.JoomlaArticle_001"/>
  <testcase name="RUN_04_TC_JOOMLA_ARTICLE_005" time="23.343" classname="article.JoomlaArticle_001"/>
</testsuite> <!-- article.JoomlaArticle_001 -->
