<?xml version="1.0" encoding="UTF-8"?>
<!-- Generated by org.testng.reporters.JUnitReportReporter -->
<testsuite hostname="LGDN14552-W7D01" name="weblink.JoomlaWeblink_001" tests="5" failures="0" timestamp="20 Dec 2016 04:09:43 GMT" time="156.656" errors="0">
  <testcase name="RUN_02_TC_JOOMLA_WEBLINKS_002" time="22.662" classname="weblink.JoomlaWeblink_001"/>
  <testcase name="RUN_06_TC_JOOMLA_WEBLINKS_015" time="53.513" classname="weblink.JoomlaWeblink_001"/>
  <testcase name="RUN_04_TC_JOOMLA_WEBLINKS_016" time="37.493" classname="weblink.JoomlaWeblink_001"/>
  <testcase name="RUN_03_TC_JOOMLA_WEBLINKS_005" time="13.238" classname="weblink.JoomlaWeblink_001"/>
  <testcase name="RUN_01_TC_JOOMLA_WEBLINKS_001" time="29.750" classname="weblink.JoomlaWeblink_001"/>
</testsuite> <!-- weblink.JoomlaWeblink_001 -->
