<?xml version="1.0" encoding="UTF-8"?>
<!-- Generated by org.testng.reporters.JUnitReportReporter -->
<testsuite hostname="LGDN14552-W7D01" name="bannerclient.JoomlaBannerClient_003" tests="6" failures="0" timestamp="20 Dec 2016 04:09:43 GMT" time="124.351" errors="0">
  <testcase name="RUN_05_TC_JOOMLA_BANNERS_CLIENTS_007" time="2.339" classname="bannerclient.JoomlaBannerClient_003"/>
  <testcase name="RUN_06_TC_JOOMLA_BANNERS_CLIENTS_012" time="50.244" classname="bannerclient.JoomlaBannerClient_003"/>
  <testcase name="RUN_01_TC_JOOMLA_BANNERS_CLIENTS_011" time="22.434" classname="bannerclient.JoomlaBannerClient_003"/>
  <testcase name="RUN_03_TC_JOOMLA_BANNERS_CLIENTS_008" time="3.567" classname="bannerclient.JoomlaBannerClient_003"/>
  <testcase name="RUN_04_TC_JOOMLA_BANNERS_CLIENTS_009" time="10.143" classname="bannerclient.JoomlaBannerClient_003"/>
  <testcase name="RUN_02_TC_JOOMLA_BANNERS_CLIENTS_010" time="35.624" classname="bannerclient.JoomlaBannerClient_003"/>
</testsuite> <!-- bannerclient.JoomlaBannerClient_003 -->
