<?xml version="1.0" encoding="UTF-8"?>
<!-- Generated by org.testng.reporters.JUnitReportReporter -->
<testsuite hostname="LGDN14552-W7D01" name="zDraft.test" tests="1" failures="0" timestamp="10 Nov 2016 02:36:32 GMT" time="0.012" errors="0">
  <testcase name="print" time="0.012" classname="zDraft.test"/>
</testsuite> <!-- zDraft.test -->
