<?xml version="1.0" encoding="UTF-8"?>
<!-- Generated by org.testng.reporters.JUnitReportReporter -->
<testsuite hostname="LGDN14552-W7D01" name="zDraft.Duyen" tests="1" failures="0" timestamp="15 Dec 2016 09:56:27 GMT" time="0.010" errors="0">
  <testcase name="CLOSE" time="0.010" classname="zDraft.Duyen"/>
</testsuite> <!-- zDraft.Duyen -->
