<?xml version="1.0" encoding="UTF-8"?>
<!-- Generated by org.testng.reporters.JUnitReportReporter -->
<testsuite hostname="LGDN14552-W7D01" name="article.JoomlaArticle_002" tests="5" failures="0" timestamp="20 Dec 2016 04:09:43 GMT" time="102.672" errors="0">
  <testcase name="RUN_04_TC_JOOMLA_ARTICLE_006" time="36.056" classname="article.JoomlaArticle_002"/>
  <testcase name="RUN_03_TC_JOOMLA_ARTICLE_003" time="3.967" classname="article.JoomlaArticle_002"/>
  <testcase name="RUN_02_TC_JOOMLA_ARTICLE_004" time="3.500" classname="article.JoomlaArticle_002"/>
  <testcase name="RUN_01_TC_JOOMLA_ARTICLE_013" time="42.150" classname="article.JoomlaArticle_002"/>
  <testcase name="RUN_05_TC_JOOMLA_ARTICLE_009" time="16.999" classname="article.JoomlaArticle_002"/>
</testsuite> <!-- article.JoomlaArticle_002 -->
