<?xml version="1.0" encoding="UTF-8"?>
<!-- Generated by org.testng.reporters.JUnitReportReporter -->
<testsuite hostname="LGDN14552-W7D01" name="weblink.JoomlaWeblink_002" tests="7" failures="0" timestamp="20 Dec 2016 04:09:43 GMT" time="114.521" errors="0">
  <testcase name="RUN_02_TC_JOOMLA_WEBLINKS_004" time="9.290" classname="weblink.JoomlaWeblink_002"/>
  <testcase name="RUN_03_TC_JOOMLA_WEBLINKS_008" time="2.287" classname="weblink.JoomlaWeblink_002"/>
  <testcase name="RUN_07_TC_JOOMLA_WEBLINKS_014" time="42.475" classname="weblink.JoomlaWeblink_002"/>
  <testcase name="RUN_06_TC_JOOMLA_WEBLINKS_007" time="18.683" classname="weblink.JoomlaWeblink_002"/>
  <testcase name="RUN_05_TC_JOOMLA_WEBLINKS_010" time="5.718" classname="weblink.JoomlaWeblink_002"/>
  <testcase name="RUN_04_TC_JOOMLA_WEBLINKS_009" time="2.983" classname="weblink.JoomlaWeblink_002"/>
  <testcase name="RUN_01_TC_JOOMLA_WEBLINKS_003" time="33.085" classname="weblink.JoomlaWeblink_002"/>
</testsuite> <!-- weblink.JoomlaWeblink_002 -->
