<?xml version="1.0" encoding="UTF-8"?>
<!-- Generated by org.testng.reporters.JUnitReportReporter -->
<testsuite hostname="LGDN14552-W7D01" name="contact.JoomlaContact_001" tests="4" failures="0" timestamp="20 Dec 2016 04:09:42 GMT" time="50.078" errors="0">
  <testcase name="RUN_02_TC_JOOMLA_contactS_002" time="9.707" classname="contact.JoomlaContact_001"/>
  <testcase name="RUN_04_TC_JOOMLA_CONTACTS_007" time="11.867" classname="contact.JoomlaContact_001"/>
  <testcase name="RUN_01_TC_JOOMLA_CONTACTS_001" time="18.613" classname="contact.JoomlaContact_001"/>
  <testcase name="RUN_03_TC_JOOMLA_contactS_005" time="9.891" classname="contact.JoomlaContact_001"/>
</testsuite> <!-- contact.JoomlaContact_001 -->
