<?xml version="1.0" encoding="UTF-8"?>
<!-- Generated by org.testng.reporters.JUnitReportReporter -->
<testsuite hostname="LGDN14552-W7D01" name="article.JoomlaArticle_004" tests="4" failures="0" timestamp="20 Dec 2016 04:09:43 GMT" time="78.818" errors="0">
  <testcase name="RUN_02_TC_JOOMLA_ARTICLE_016" time="4.740" classname="article.JoomlaArticle_004"/>
  <testcase name="RUN_03_TC_JOOMLA_ARTICLE_014" time="20.145" classname="article.JoomlaArticle_004"/>
  <testcase name="RUN_01_TC_JOOMLA_ARTICLE_015" time="31.299" classname="article.JoomlaArticle_004"/>
  <testcase name="RUN_04_TC_JOOMLA_ARTICLE_007" time="22.634" classname="article.JoomlaArticle_004"/>
</testsuite> <!-- article.JoomlaArticle_004 -->
