<?xml version="1.0" encoding="UTF-8"?>
<!-- Generated by org.testng.reporters.JUnitReportReporter -->
<testsuite hostname="LGDN14552-W7D01" name="zDraft.tuan" tests="1" failures="0" timestamp="9 Nov 2016 11:13:26 GMT" time="0.140" errors="0">
  <testcase name="a" time="0.140" classname="zDraft.tuan"/>
</testsuite> <!-- zDraft.tuan -->
