<?xml version="1.0" encoding="UTF-8"?>
<!-- Generated by org.testng.reporters.JUnitReportReporter -->
<testsuite hostname="LGDN14851-W7NEW" name="zDraft.Test1" tests="1" failures="0" timestamp="31 Oct 2016 05:49:50 GMT" time="3.845" errors="0">
  <testcase name="login" time="3.845" classname="zDraft.Test1"/>
</testsuite> <!-- zDraft.Test1 -->
