<?xml version="1.0" encoding="UTF-8"?>
<!-- Generated by org.testng.reporters.JUnitReportReporter -->
<testsuite hostname="LGDN14552-W7D01" name="weblink.JoomlaWeblink_003" tests="5" failures="0" timestamp="20 Dec 2016 04:09:43 GMT" time="157.590" errors="0">
  <testcase name="RUN_04_TC_JOOMLA_WEBLINKS_013" time="36.140" classname="weblink.JoomlaWeblink_003"/>
  <testcase name="RUN_01_TC_JOOMLA_WEBLINKS_006" time="55.555" classname="weblink.JoomlaWeblink_003"/>
  <testcase name="RUN_03_TC_JOOMLA_WEBLINKS_012" time="9.154" classname="weblink.JoomlaWeblink_003"/>
  <testcase name="RUN_02_TC_JOOMLA_WEBLINKS_011" time="2.338" classname="weblink.JoomlaWeblink_003"/>
  <testcase name="RUN_05_TC_JOOMLA_WEBLINKS_017" time="54.403" classname="weblink.JoomlaWeblink_003"/>
</testsuite> <!-- weblink.JoomlaWeblink_003 -->
