<?xml version="1.0" encoding="UTF-8"?>
<!-- Generated by org.testng.reporters.JUnitReportReporter -->
<testsuite hostname="LGDN14552-W7D01" name="bannerclient.JoomlaBannerClient_004" tests="3" failures="0" timestamp="21 Dec 2016 06:33:09 GMT" time="52.426" errors="0">
  <testcase name="RUN_02_TC_JOOMLA_BANNERS_CLIENTS_015" time="8.002" classname="bannerclient.JoomlaBannerClient_004"/>
  <testcase name="RUN_01_TC_JOOMLA_BANNERS_CLIENTS_014" time="18.438" classname="bannerclient.JoomlaBannerClient_004"/>
  <testcase name="RUN_03_TC_JOOMLA_BANNERS_CLIENTS_013" time="25.986" classname="bannerclient.JoomlaBannerClient_004"/>
</testsuite> <!-- bannerclient.JoomlaBannerClient_004 -->
