<?xml version="1.0" encoding="UTF-8"?>
<!-- Generated by org.testng.reporters.JUnitReportReporter -->
<testsuite skipped="0" hostname="LGDN14623-W7D01" name="DoExam.goToDoTest3" tests="1" failures="0" timestamp="2019-12-20T10:08:53 ICT" time="195.434" errors="0">
  <testcase name="testEnterPin" time="195.434" classname="DoExam.goToDoTest3"/>
</testsuite> <!-- DoExam.goToDoTest3 -->
