<?xml version="1.0" encoding="UTF-8"?>
<!-- Generated by org.testng.reporters.JUnitReportReporter -->
<testsuite skipped="0" hostname="LGDN14623-W7D01" name="DoExam.goToDoTest5" tests="1" failures="0" timestamp="2019-12-20T14:27:19 ICT" time="49.539" errors="0">
  <testcase name="testEnterPin" time="49.539" classname="DoExam.goToDoTest5"/>
</testsuite> <!-- DoExam.goToDoTest5 -->
