<?xml version="1.0" encoding="UTF-8"?>
<!-- Generated by org.testng.reporters.JUnitReportReporter -->
<testsuite hostname="LGDN14552-W7D01" name="article.TC_JOOMLA_ARTICLE_010" tests="1" failures="0" timestamp="15 Nov 2016 03:50:56 GMT" time="23.888" errors="0">
  <testcase name="TC_JOOMLA_ARTICLE_010" time="23.888" classname="article.TC_JOOMLA_ARTICLE_010"/>
</testsuite> <!-- article.TC_JOOMLA_ARTICLE_010 -->
