<?xml version="1.0" encoding="UTF-8"?>
<!-- Generated by org.testng.reporters.JUnitReportReporter -->
<testsuite hostname="LGDN14552-W7D01" name="bannerclient.JoomlaBannerClient_001" tests="3" failures="0" timestamp="20 Dec 2016 04:09:43 GMT" time="81.676" errors="0">
  <testcase name="RUN_01_TC_JOOMLA_BANNERS_CLIENTS_001" time="27.740" classname="bannerclient.JoomlaBannerClient_001"/>
  <testcase name="RUN_03_TC_JOOMLA_BANNERS_CLIENTS_002" time="31.365" classname="bannerclient.JoomlaBannerClient_001"/>
  <testcase name="RUN_02_TC_JOOMLA_BANNERS_CLIENTS_006" time="22.571" classname="bannerclient.JoomlaBannerClient_001"/>
</testsuite> <!-- bannerclient.JoomlaBannerClient_001 -->
